This is pdfTeX, Version 3.14159265-2.6-1.40.18 (TeX Live 2017/Debian) (preloaded format=pdflatex 2018.12.17)  30 APR 2019 16:07
entering extended mode
 restricted \write18 enabled.
 %&-line parsing enabled.
**Trabalho.tex
(./Trabalho.tex
LaTeX2e <2017-04-15>
Babel <3.18> and hyphenation patterns for 3 language(s) loaded.
(/usr/share/texlive/texmf-dist/tex/latex/base/article.cls
Document Class: article 2014/09/29 v1.4h Standard LaTeX document class
(/usr/share/texlive/texmf-dist/tex/latex/base/size12.clo
File: size12.clo 2014/09/29 v1.4h Standard LaTeX file (size option)
)
\c@part=\count79
\c@section=\count80
\c@subsection=\count81
\c@subsubsection=\count82
\c@paragraph=\count83
\c@subparagraph=\count84
\c@figure=\count85
\c@table=\count86
\abovecaptionskip=\skip41
\belowcaptionskip=\skip42
\bibindent=\dimen102
)
(/usr/share/texlive/texmf-dist/tex/latex/base/inputenc.sty
Package: inputenc 2015/03/17 v1.2c Input encoding file
\inpenc@prehook=\toks14
\inpenc@posthook=\toks15

(/usr/share/texlive/texmf-dist/tex/latex/base/utf8.def
File: utf8.def 2017/01/28 v1.1t UTF-8 support for inputenc
Now handling font encoding OML ...
... no UTF-8 mapping file for font encoding OML
Now handling font encoding T1 ...
... processing UTF-8 mapping file for font encoding T1

(/usr/share/texlive/texmf-dist/tex/latex/base/t1enc.dfu
File: t1enc.dfu 2017/01/28 v1.1t UTF-8 support for inputenc
   defining Unicode char U+00A0 (decimal 160)
   defining Unicode char U+00A1 (decimal 161)
   defining Unicode char U+00A3 (decimal 163)
   defining Unicode char U+00AB (decimal 171)
   defining Unicode char U+00AD (decimal 173)
   defining Unicode char U+00BB (decimal 187)
   defining Unicode char U+00BF (decimal 191)
   defining Unicode char U+00C0 (decimal 192)
   defining Unicode char U+00C1 (decimal 193)
   defining Unicode char U+00C2 (decimal 194)
   defining Unicode char U+00C3 (decimal 195)
   defining Unicode char U+00C4 (decimal 196)
   defining Unicode char U+00C5 (decimal 197)
   defining Unicode char U+00C6 (decimal 198)
   defining Unicode char U+00C7 (decimal 199)
   defining Unicode char U+00C8 (decimal 200)
   defining Unicode char U+00C9 (decimal 201)
   defining Unicode char U+00CA (decimal 202)
   defining Unicode char U+00CB (decimal 203)
   defining Unicode char U+00CC (decimal 204)
   defining Unicode char U+00CD (decimal 205)
   defining Unicode char U+00CE (decimal 206)
   defining Unicode char U+00CF (decimal 207)
   defining Unicode char U+00D0 (decimal 208)
   defining Unicode char U+00D1 (decimal 209)
   defining Unicode char U+00D2 (decimal 210)
   defining Unicode char U+00D3 (decimal 211)
   defining Unicode char U+00D4 (decimal 212)
   defining Unicode char U+00D5 (decimal 213)
   defining Unicode char U+00D6 (decimal 214)
   defining Unicode char U+00D8 (decimal 216)
   defining Unicode char U+00D9 (decimal 217)
   defining Unicode char U+00DA (decimal 218)
   defining Unicode char U+00DB (decimal 219)
   defining Unicode char U+00DC (decimal 220)
   defining Unicode char U+00DD (decimal 221)
   defining Unicode char U+00DE (decimal 222)
   defining Unicode char U+00DF (decimal 223)
   defining Unicode char U+00E0 (decimal 224)
   defining Unicode char U+00E1 (decimal 225)
   defining Unicode char U+00E2 (decimal 226)
   defining Unicode char U+00E3 (decimal 227)
   defining Unicode char U+00E4 (decimal 228)
   defining Unicode char U+00E5 (decimal 229)
   defining Unicode char U+00E6 (decimal 230)
   defining Unicode char U+00E7 (decimal 231)
   defining Unicode char U+00E8 (decimal 232)
   defining Unicode char U+00E9 (decimal 233)
   defining Unicode char U+00EA (decimal 234)
   defining Unicode char U+00EB (decimal 235)
   defining Unicode char U+00EC (decimal 236)
   defining Unicode char U+00ED (decimal 237)
   defining Unicode char U+00EE (decimal 238)
   defining Unicode char U+00EF (decimal 239)
   defining Unicode char U+00F0 (decimal 240)
   defining Unicode char U+00F1 (decimal 241)
   defining Unicode char U+00F2 (decimal 242)
   defining Unicode char U+00F3 (decimal 243)
   defining Unicode char U+00F4 (decimal 244)
   defining Unicode char U+00F5 (decimal 245)
   defining Unicode char U+00F6 (decimal 246)
   defining Unicode char U+00F8 (decimal 248)
   defining Unicode char U+00F9 (decimal 249)
   defining Unicode char U+00FA (decimal 250)
   defining Unicode char U+00FB (decimal 251)
   defining Unicode char U+00FC (decimal 252)
   defining Unicode char U+00FD (decimal 253)
   defining Unicode char U+00FE (decimal 254)
   defining Unicode char U+00FF (decimal 255)
   defining Unicode char U+0100 (decimal 256)
   defining Unicode char U+0101 (decimal 257)
   defining Unicode char U+0102 (decimal 258)
   defining Unicode char U+0103 (decimal 259)
   defining Unicode char U+0104 (decimal 260)
   defining Unicode char U+0105 (decimal 261)
   defining Unicode char U+0106 (decimal 262)
   defining Unicode char U+0107 (decimal 263)
   defining Unicode char U+0108 (decimal 264)
   defining Unicode char U+0109 (decimal 265)
   defining Unicode char U+010A (decimal 266)
   defining Unicode char U+010B (decimal 267)
   defining Unicode char U+010C (decimal 268)
   defining Unicode char U+010D (decimal 269)
   defining Unicode char U+010E (decimal 270)
   defining Unicode char U+010F (decimal 271)
   defining Unicode char U+0110 (decimal 272)
   defining Unicode char U+0111 (decimal 273)
   defining Unicode char U+0112 (decimal 274)
   defining Unicode char U+0113 (decimal 275)
   defining Unicode char U+0114 (decimal 276)
   defining Unicode char U+0115 (decimal 277)
   defining Unicode char U+0116 (decimal 278)
   defining Unicode char U+0117 (decimal 279)
   defining Unicode char U+0118 (decimal 280)
   defining Unicode char U+0119 (decimal 281)
   defining Unicode char U+011A (decimal 282)
   defining Unicode char U+011B (decimal 283)
   defining Unicode char U+011C (decimal 284)
   defining Unicode char U+011D (decimal 285)
   defining Unicode char U+011E (decimal 286)
   defining Unicode char U+011F (decimal 287)
   defining Unicode char U+0120 (decimal 288)
   defining Unicode char U+0121 (decimal 289)
   defining Unicode char U+0122 (decimal 290)
   defining Unicode char U+0123 (decimal 291)
   defining Unicode char U+0124 (decimal 292)
   defining Unicode char U+0125 (decimal 293)
   defining Unicode char U+0128 (decimal 296)
   defining Unicode char U+0129 (decimal 297)
   defining Unicode char U+012A (decimal 298)
   defining Unicode char U+012B (decimal 299)
   defining Unicode char U+012C (decimal 300)
   defining Unicode char U+012D (decimal 301)
   defining Unicode char U+012E (decimal 302)
   defining Unicode char U+012F (decimal 303)
   defining Unicode char U+0130 (decimal 304)
   defining Unicode char U+0131 (decimal 305)
   defining Unicode char U+0132 (decimal 306)
   defining Unicode char U+0133 (decimal 307)
   defining Unicode char U+0134 (decimal 308)
   defining Unicode char U+0135 (decimal 309)
   defining Unicode char U+0136 (decimal 310)
   defining Unicode char U+0137 (decimal 311)
   defining Unicode char U+0139 (decimal 313)
   defining Unicode char U+013A (decimal 314)
   defining Unicode char U+013B (decimal 315)
   defining Unicode char U+013C (decimal 316)
   defining Unicode char U+013D (decimal 317)
   defining Unicode char U+013E (decimal 318)
   defining Unicode char U+0141 (decimal 321)
   defining Unicode char U+0142 (decimal 322)
   defining Unicode char U+0143 (decimal 323)
   defining Unicode char U+0144 (decimal 324)
   defining Unicode char U+0145 (decimal 325)
   defining Unicode char U+0146 (decimal 326)
   defining Unicode char U+0147 (decimal 327)
   defining Unicode char U+0148 (decimal 328)
   defining Unicode char U+014A (decimal 330)
   defining Unicode char U+014B (decimal 331)
   defining Unicode char U+014C (decimal 332)
   defining Unicode char U+014D (decimal 333)
   defining Unicode char U+014E (decimal 334)
   defining Unicode char U+014F (decimal 335)
   defining Unicode char U+0150 (decimal 336)
   defining Unicode char U+0151 (decimal 337)
   defining Unicode char U+0152 (decimal 338)
   defining Unicode char U+0153 (decimal 339)
   defining Unicode char U+0154 (decimal 340)
   defining Unicode char U+0155 (decimal 341)
   defining Unicode char U+0156 (decimal 342)
   defining Unicode char U+0157 (decimal 343)
   defining Unicode char U+0158 (decimal 344)
   defining Unicode char U+0159 (decimal 345)
   defining Unicode char U+015A (decimal 346)
   defining Unicode char U+015B (decimal 347)
   defining Unicode char U+015C (decimal 348)
   defining Unicode char U+015D (decimal 349)
   defining Unicode char U+015E (decimal 350)
   defining Unicode char U+015F (decimal 351)
   defining Unicode char U+0160 (decimal 352)
   defining Unicode char U+0161 (decimal 353)
   defining Unicode char U+0162 (decimal 354)
   defining Unicode char U+0163 (decimal 355)
   defining Unicode char U+0164 (decimal 356)
   defining Unicode char U+0165 (decimal 357)
   defining Unicode char U+0168 (decimal 360)
   defining Unicode char U+0169 (decimal 361)
   defining Unicode char U+016A (decimal 362)
   defining Unicode char U+016B (decimal 363)
   defining Unicode char U+016C (decimal 364)
   defining Unicode char U+016D (decimal 365)
   defining Unicode char U+016E (decimal 366)
   defining Unicode char U+016F (decimal 367)
   defining Unicode char U+0170 (decimal 368)
   defining Unicode char U+0171 (decimal 369)
   defining Unicode char U+0172 (decimal 370)
   defining Unicode char U+0173 (decimal 371)
   defining Unicode char U+0174 (decimal 372)
   defining Unicode char U+0175 (decimal 373)
   defining Unicode char U+0176 (decimal 374)
   defining Unicode char U+0177 (decimal 375)
   defining Unicode char U+0178 (decimal 376)
   defining Unicode char U+0179 (decimal 377)
   defining Unicode char U+017A (decimal 378)
   defining Unicode char U+017B (decimal 379)
   defining Unicode char U+017C (decimal 380)
   defining Unicode char U+017D (decimal 381)
   defining Unicode char U+017E (decimal 382)
   defining Unicode char U+01CD (decimal 461)
   defining Unicode char U+01CE (decimal 462)
   defining Unicode char U+01CF (decimal 463)
   defining Unicode char U+01D0 (decimal 464)
   defining Unicode char U+01D1 (decimal 465)
   defining Unicode char U+01D2 (decimal 466)
   defining Unicode char U+01D3 (decimal 467)
   defining Unicode char U+01D4 (decimal 468)
   defining Unicode char U+01E2 (decimal 482)
   defining Unicode char U+01E3 (decimal 483)
   defining Unicode char U+01E6 (decimal 486)
   defining Unicode char U+01E7 (decimal 487)
   defining Unicode char U+01E8 (decimal 488)
   defining Unicode char U+01E9 (decimal 489)
   defining Unicode char U+01EA (decimal 490)
   defining Unicode char U+01EB (decimal 491)
   defining Unicode char U+01F0 (decimal 496)
   defining Unicode char U+01F4 (decimal 500)
   defining Unicode char U+01F5 (decimal 501)
   defining Unicode char U+0218 (decimal 536)
   defining Unicode char U+0219 (decimal 537)
   defining Unicode char U+021A (decimal 538)
   defining Unicode char U+021B (decimal 539)
   defining Unicode char U+0232 (decimal 562)
   defining Unicode char U+0233 (decimal 563)
   defining Unicode char U+1E02 (decimal 7682)
   defining Unicode char U+1E03 (decimal 7683)
   defining Unicode char U+200C (decimal 8204)
   defining Unicode char U+2010 (decimal 8208)
   defining Unicode char U+2011 (decimal 8209)
   defining Unicode char U+2012 (decimal 8210)
   defining Unicode char U+2013 (decimal 8211)
   defining Unicode char U+2014 (decimal 8212)
   defining Unicode char U+2015 (decimal 8213)
   defining Unicode char U+2018 (decimal 8216)
   defining Unicode char U+2019 (decimal 8217)
   defining Unicode char U+201A (decimal 8218)
   defining Unicode char U+201C (decimal 8220)
   defining Unicode char U+201D (decimal 8221)
   defining Unicode char U+201E (decimal 8222)
   defining Unicode char U+2030 (decimal 8240)
   defining Unicode char U+2031 (decimal 8241)
   defining Unicode char U+2039 (decimal 8249)
   defining Unicode char U+203A (decimal 8250)
   defining Unicode char U+2423 (decimal 9251)
   defining Unicode char U+1E20 (decimal 7712)
   defining Unicode char U+1E21 (decimal 7713)
)
Now handling font encoding OT1 ...
... processing UTF-8 mapping file for font encoding OT1

(/usr/share/texlive/texmf-dist/tex/latex/base/ot1enc.dfu
File: ot1enc.dfu 2017/01/28 v1.1t UTF-8 support for inputenc
   defining Unicode char U+00A0 (decimal 160)
   defining Unicode char U+00A1 (decimal 161)
   defining Unicode char U+00A3 (decimal 163)
   defining Unicode char U+00AD (decimal 173)
   defining Unicode char U+00B8 (decimal 184)
   defining Unicode char U+00BF (decimal 191)
   defining Unicode char U+00C5 (decimal 197)
   defining Unicode char U+00C6 (decimal 198)
   defining Unicode char U+00D8 (decimal 216)
   defining Unicode char U+00DF (decimal 223)
   defining Unicode char U+00E6 (decimal 230)
   defining Unicode char U+00EC (decimal 236)
   defining Unicode char U+00ED (decimal 237)
   defining Unicode char U+00EE (decimal 238)
   defining Unicode char U+00EF (decimal 239)
   defining Unicode char U+00F8 (decimal 248)
   defining Unicode char U+0131 (decimal 305)
   defining Unicode char U+0141 (decimal 321)
   defining Unicode char U+0142 (decimal 322)
   defining Unicode char U+0152 (decimal 338)
   defining Unicode char U+0153 (decimal 339)
   defining Unicode char U+0174 (decimal 372)
   defining Unicode char U+0175 (decimal 373)
   defining Unicode char U+0176 (decimal 374)
   defining Unicode char U+0177 (decimal 375)
   defining Unicode char U+0218 (decimal 536)
   defining Unicode char U+0219 (decimal 537)
   defining Unicode char U+021A (decimal 538)
   defining Unicode char U+021B (decimal 539)
   defining Unicode char U+2013 (decimal 8211)
   defining Unicode char U+2014 (decimal 8212)
   defining Unicode char U+2018 (decimal 8216)
   defining Unicode char U+2019 (decimal 8217)
   defining Unicode char U+201C (decimal 8220)
   defining Unicode char U+201D (decimal 8221)
)
Now handling font encoding OMS ...
... processing UTF-8 mapping file for font encoding OMS

(/usr/share/texlive/texmf-dist/tex/latex/base/omsenc.dfu
File: omsenc.dfu 2017/01/28 v1.1t UTF-8 support for inputenc
   defining Unicode char U+00A7 (decimal 167)
   defining Unicode char U+00B6 (decimal 182)
   defining Unicode char U+00B7 (decimal 183)
   defining Unicode char U+2020 (decimal 8224)
   defining Unicode char U+2021 (decimal 8225)
   defining Unicode char U+2022 (decimal 8226)
)
Now handling font encoding OMX ...
... no UTF-8 mapping file for font encoding OMX
Now handling font encoding U ...
... no UTF-8 mapping file for font encoding U
   defining Unicode char U+00A9 (decimal 169)
   defining Unicode char U+00AA (decimal 170)
   defining Unicode char U+00AE (decimal 174)
   defining Unicode char U+00BA (decimal 186)
   defining Unicode char U+02C6 (decimal 710)
   defining Unicode char U+02DC (decimal 732)
   defining Unicode char U+200C (decimal 8204)
   defining Unicode char U+2026 (decimal 8230)
   defining Unicode char U+2122 (decimal 8482)
   defining Unicode char U+2423 (decimal 9251)
))
(/usr/share/texlive/texmf-dist/tex/latex/graphics/color.sty
Package: color 2016/07/10 v1.1e Standard LaTeX Color (DPC)

(/usr/share/texlive/texmf-dist/tex/latex/graphics-cfg/color.cfg
File: color.cfg 2016/01/02 v1.6 sample color configuration
)
Package color Info: Driver file: pdftex.def on input line 147.

(/usr/share/texlive/texmf-dist/tex/latex/graphics-def/pdftex.def
File: pdftex.def 2018/01/08 v1.0l Graphics/color driver for pdftex
))
(/usr/share/texlive/texmf-dist/tex/latex/graphics/graphicx.sty
Package: graphicx 2017/06/01 v1.1a Enhanced LaTeX Graphics (DPC,SPQR)

(/usr/share/texlive/texmf-dist/tex/latex/graphics/keyval.sty
Package: keyval 2014/10/28 v1.15 key=value parser (DPC)
\KV@toks@=\toks16
)
(/usr/share/texlive/texmf-dist/tex/latex/graphics/graphics.sty
Package: graphics 2017/06/25 v1.2c Standard LaTeX Graphics (DPC,SPQR)

(/usr/share/texlive/texmf-dist/tex/latex/graphics/trig.sty
Package: trig 2016/01/03 v1.10 sin cos tan (DPC)
)
(/usr/share/texlive/texmf-dist/tex/latex/graphics-cfg/graphics.cfg
File: graphics.cfg 2016/06/04 v1.11 sample graphics configuration
)
Package graphics Info: Driver file: pdftex.def on input line 99.
)
\Gin@req@height=\dimen103
\Gin@req@width=\dimen104
)
(/usr/share/texlive/texmf-dist/tex/latex/amsmath/amsmath.sty
Package: amsmath 2017/09/02 v2.17a AMS math features
\@mathmargin=\skip43

For additional information on amsmath, use the `?' option.
(/usr/share/texlive/texmf-dist/tex/latex/amsmath/amstext.sty
Package: amstext 2000/06/29 v2.01 AMS text

(/usr/share/texlive/texmf-dist/tex/latex/amsmath/amsgen.sty
File: amsgen.sty 1999/11/30 v2.0 generic functions
\@emptytoks=\toks17
\ex@=\dimen105
))
(/usr/share/texlive/texmf-dist/tex/latex/amsmath/amsbsy.sty
Package: amsbsy 1999/11/29 v1.2d Bold Symbols
\pmbraise@=\dimen106
)
(/usr/share/texlive/texmf-dist/tex/latex/amsmath/amsopn.sty
Package: amsopn 2016/03/08 v2.02 operator names
)
\inf@bad=\count87
LaTeX Info: Redefining \frac on input line 213.
\uproot@=\count88
\leftroot@=\count89
LaTeX Info: Redefining \overline on input line 375.
\classnum@=\count90
\DOTSCASE@=\count91
LaTeX Info: Redefining \ldots on input line 472.
LaTeX Info: Redefining \dots on input line 475.
LaTeX Info: Redefining \cdots on input line 596.
\Mathstrutbox@=\box26
\strutbox@=\box27
\big@size=\dimen107
LaTeX Font Info:    Redeclaring font encoding OML on input line 712.
LaTeX Font Info:    Redeclaring font encoding OMS on input line 713.
\macc@depth=\count92
\c@MaxMatrixCols=\count93
\dotsspace@=\muskip10
\c@parentequation=\count94
\dspbrk@lvl=\count95
\tag@help=\toks18
\row@=\count96
\column@=\count97
\maxfields@=\count98
\andhelp@=\toks19
\eqnshift@=\dimen108
\alignsep@=\dimen109
\tagshift@=\dimen110
\tagwidth@=\dimen111
\totwidth@=\dimen112
\lineht@=\dimen113
\@envbody=\toks20
\multlinegap=\skip44
\multlinetaggap=\skip45
\mathdisplay@stack=\toks21
LaTeX Info: Redefining \[ on input line 2817.
LaTeX Info: Redefining \] on input line 2818.
)
(/usr/share/texlive/texmf-dist/tex/latex/amsfonts/amssymb.sty
Package: amssymb 2013/01/14 v3.01 AMS font symbols

(/usr/share/texlive/texmf-dist/tex/latex/amsfonts/amsfonts.sty
Package: amsfonts 2013/01/14 v3.01 Basic AMSFonts support
\symAMSa=\mathgroup4
\symAMSb=\mathgroup5
LaTeX Font Info:    Overwriting math alphabet `\mathfrak' in version `bold'
(Font)                  U/euf/m/n --> U/euf/b/n on input line 106.
))
(/usr/share/texlive/texmf-dist/tex/latex/amscls/amsthm.sty
Package: amsthm 2017/10/31 v2.20.4
\thm@style=\toks22
\thm@bodyfont=\toks23
\thm@headfont=\toks24
\thm@notefont=\toks25
\thm@headpunct=\toks26
\thm@preskip=\skip46
\thm@postskip=\skip47
\thm@headsep=\skip48
\dth@everypar=\toks27
) (./Trabalho.aux)
\openout1 = `Trabalho.aux'.

LaTeX Font Info:    Checking defaults for OML/cmm/m/it on input line 22.
LaTeX Font Info:    ... okay on input line 22.
LaTeX Font Info:    Checking defaults for T1/cmr/m/n on input line 22.
LaTeX Font Info:    ... okay on input line 22.
LaTeX Font Info:    Checking defaults for OT1/cmr/m/n on input line 22.
LaTeX Font Info:    ... okay on input line 22.
LaTeX Font Info:    Checking defaults for OMS/cmsy/m/n on input line 22.
LaTeX Font Info:    ... okay on input line 22.
LaTeX Font Info:    Checking defaults for OMX/cmex/m/n on input line 22.
LaTeX Font Info:    ... okay on input line 22.
LaTeX Font Info:    Checking defaults for U/cmr/m/n on input line 22.
LaTeX Font Info:    ... okay on input line 22.

(/usr/share/texlive/texmf-dist/tex/context/base/mkii/supp-pdf.mkii
[Loading MPS to PDF converter (version 2006.09.02).]
\scratchcounter=\count99
\scratchdimen=\dimen114
\scratchbox=\box28
\nofMPsegments=\count100
\nofMParguments=\count101
\everyMPshowfont=\toks28
\MPscratchCnt=\count102
\MPscratchDim=\dimen115
\MPnumerator=\count103
\makeMPintoPDFobject=\count104
\everyMPtoPDFconversion=\toks29
) (/usr/share/texlive/texmf-dist/tex/latex/oberdiek/epstopdf-base.sty
Package: epstopdf-base 2016/05/15 v2.6 Base part for package epstopdf

(/usr/share/texlive/texmf-dist/tex/generic/oberdiek/infwarerr.sty
Package: infwarerr 2016/05/16 v1.4 Providing info/warning/error messages (HO)
)
(/usr/share/texlive/texmf-dist/tex/latex/oberdiek/grfext.sty
Package: grfext 2016/05/16 v1.2 Manage graphics extensions (HO)

(/usr/share/texlive/texmf-dist/tex/generic/oberdiek/kvdefinekeys.sty
Package: kvdefinekeys 2016/05/16 v1.4 Define keys (HO)

(/usr/share/texlive/texmf-dist/tex/generic/oberdiek/ltxcmds.sty
Package: ltxcmds 2016/05/16 v1.23 LaTeX kernel commands for general use (HO)
)))
(/usr/share/texlive/texmf-dist/tex/latex/oberdiek/kvoptions.sty
Package: kvoptions 2016/05/16 v3.12 Key value format for package options (HO)

(/usr/share/texlive/texmf-dist/tex/generic/oberdiek/kvsetkeys.sty
Package: kvsetkeys 2016/05/16 v1.17 Key value parser (HO)

(/usr/share/texlive/texmf-dist/tex/generic/oberdiek/etexcmds.sty
Package: etexcmds 2016/05/16 v1.6 Avoid name clashes with e-TeX commands (HO)

(/usr/share/texlive/texmf-dist/tex/generic/oberdiek/ifluatex.sty
Package: ifluatex 2016/05/16 v1.4 Provides the ifluatex switch (HO)
Package ifluatex Info: LuaTeX not detected.
)
Package etexcmds Info: Could not find \expanded.
(etexcmds)             That can mean that you are not using pdfTeX 1.50 or
(etexcmds)             that some package has redefined \expanded.
(etexcmds)             In the latter case, load this package earlier.
)))
(/usr/share/texlive/texmf-dist/tex/generic/oberdiek/pdftexcmds.sty
Package: pdftexcmds 2018/01/21 v0.26 Utility functions of pdfTeX for LuaTeX (HO
)

(/usr/share/texlive/texmf-dist/tex/generic/oberdiek/ifpdf.sty
Package: ifpdf 2017/03/15 v3.2 Provides the ifpdf switch
)
Package pdftexcmds Info: LuaTeX not detected.
Package pdftexcmds Info: \pdf@primitive is available.
Package pdftexcmds Info: \pdf@ifprimitive is available.
Package pdftexcmds Info: \pdfdraftmode found.
)
Package epstopdf-base Info: Redefining graphics rule for `.eps' on input line 4
38.
Package grfext Info: Graphics extension search list:
(grfext)             [.pdf,.png,.jpg,.mps,.jpeg,.jbig2,.jb2,.PDF,.PNG,.JPG,.JPE
G,.JBIG2,.JB2,.eps]
(grfext)             \AppendGraphicsExtensions on input line 456.

(/usr/share/texlive/texmf-dist/tex/latex/latexconfig/epstopdf-sys.cfg
File: epstopdf-sys.cfg 2010/07/13 v1.3 Configuration of (r)epstopdf for TeX Liv
e
))
LaTeX Font Info:    Try loading font information for U+msa on input line 24.

(/usr/share/texlive/texmf-dist/tex/latex/amsfonts/umsa.fd
File: umsa.fd 2013/01/14 v3.01 AMS symbols A
)
LaTeX Font Info:    Try loading font information for U+msb on input line 24.

(/usr/share/texlive/texmf-dist/tex/latex/amsfonts/umsb.fd
File: umsb.fd 2013/01/14 v3.01 AMS symbols B
) [1

{/var/lib/texmf/fonts/map/pdftex/updmap/pdftex.map}]
Underfull \hbox (badness 10000) in paragraph at lines 38--40

 []


Overfull \hbox (54.60022pt too wide) in paragraph at lines 38--40
\OT1/cmtt/m/n/12 sudo apt-get install texlive texlive-latex-extra texlive-lang-
portuguese 
 []


Underfull \hbox (badness 10000) in paragraph at lines 38--40

 []


Underfull \hbox (badness 10000) in paragraph at lines 43--45

 []

[2]
<codigo1.png, id=15, 323.2075pt x 123.46124pt>
File: codigo1.png Graphic file (type png)
<use codigo1.png>
Package pdftex.def Info: codigo1.png  used on input line 56.
(pdftex.def)             Requested size: 323.20671pt x 123.46092pt.
LaTeX Font Info:    Try loading font information for OMS+cmr on input line 67.
 (/usr/share/texlive/texmf-dist/tex/latex/base/omscmr.fd
File: omscmr.fd 2014/09/29 v2.5h Standard LaTeX font definitions
)
LaTeX Font Info:    Font shape `OMS/cmr/m/n' in size <12> not available
(Font)              Font shape `OMS/cmsy/m/n' tried instead on input line 67.
 [3 <./codigo1.png>] [4]
Overfull \hbox (4.44789pt too wide) in paragraph at lines 86--87
[]\OT1/cmr/bx/n/12 openright\OT1/cmr/m/n/12 : Faz com que os cap^^S^^Ptulos se-
jam ini-ci-a-dos ape-nas nas p^^Saginas
 []


Underfull \hbox (badness 10000) in paragraph at lines 91--93

 []

LaTeX Font Info:    Try loading font information for OMS+cmtt on input line 112
.
LaTeX Font Info:    No file OMScmtt.fd. on input line 112.

LaTeX Font Warning: Font shape `OMS/cmtt/m/n' undefined
(Font)              using `OMS/cmsy/m/n' instead
(Font)              for symbol `textbraceleft' on input line 112.

[5] [6] [7]
<21.JPG, id=39, 609.02531pt x 384.6872pt>
File: 21.JPG Graphic file (type jpg)
<use 21.JPG>
Package pdftex.def Info: 21.JPG  used on input line 177.
(pdftex.def)             Requested size: 548.1177pt x 346.21527pt.

Overfull \hbox (158.1177pt too wide) in paragraph at lines 177--178
 [][] 
 []

[8 <./21.JPG>]
<22.JPG, id=43, 608.2725pt x 126.4725pt>
File: 22.JPG Graphic file (type jpg)
<use 22.JPG>
Package pdftex.def Info: 22.JPG  used on input line 184.
(pdftex.def)             Requested size: 547.4402pt x 113.82419pt.

Overfull \hbox (157.4402pt too wide) in paragraph at lines 184--185
 [][] 
 []

<23.JPG, id=44, 538.26094pt x 344.03531pt>
File: 23.JPG Graphic file (type jpg)
<use 23.JPG>
Package pdftex.def Info: 23.JPG  used on input line 188.
(pdftex.def)             Requested size: 430.60934pt x 275.22862pt.

Overfull \hbox (40.60934pt too wide) in paragraph at lines 188--189
 [][] 
 []

[9 <./22.JPG> <./23.JPG>]
<24.JPG, id=48, 255.20343pt x 20.32594pt>
File: 24.JPG Graphic file (type jpg)
<use 24.JPG>
Package pdftex.def Info: 24.JPG  used on input line 195.
(pdftex.def)             Requested size: 229.68095pt x 18.29317pt.
<25.JPG, id=49, 608.2725pt x 342.5297pt>
File: 25.JPG Graphic file (type jpg)
<use 25.JPG>
Package pdftex.def Info: 25.JPG  used on input line 204.
(pdftex.def)             Requested size: 547.4402pt x 308.27386pt.

Overfull \hbox (157.4402pt too wide) in paragraph at lines 204--205
 [][] 
 []

<26.JPG, id=50, 481.8pt x 237.13594pt>
File: 26.JPG Graphic file (type jpg)
<use 26.JPG>
Package pdftex.def Info: 26.JPG  used on input line 212.
(pdftex.def)             Requested size: 433.61598pt x 213.42035pt.

Overfull \hbox (43.61598pt too wide) in paragraph at lines 212--213
 [][] 
 []

[10 <./24.JPG> <./25.JPG>]
<28.JPG, id=54, 456.95718pt x 83.5622pt>
File: 28.JPG Graphic file (type jpg)
<use 28.JPG>
Package pdftex.def Info: 28.JPG  used on input line 219.
(pdftex.def)             Requested size: 411.25766pt x 75.20526pt.

Overfull \hbox (21.25766pt too wide) in paragraph at lines 219--220
 [][] 
 []

[11 <./26.JPG> <./28.JPG>]
<27.JPG, id=58, 481.8pt x 235.63031pt>
File: 27.JPG Graphic file (type jpg)
<use 27.JPG>
Package pdftex.def Info: 27.JPG  used on input line 225.
(pdftex.def)             Requested size: 433.61598pt x 212.0653pt.

Overfull \hbox (43.61598pt too wide) in paragraph at lines 225--226
 [][] 
 []

<29.JPG, id=59, 459.21562pt x 149.8097pt>
File: 29.JPG Graphic file (type jpg)
<use 29.JPG>
Package pdftex.def Info: 29.JPG  used on input line 232.
(pdftex.def)             Requested size: 413.29024pt x 134.82745pt.

Overfull \hbox (23.29024pt too wide) in paragraph at lines 232--233
 [][] 
 []

[12 <./27.JPG> <./29.JPG>]
<30.JPG, id=63, 481.04718pt x 192.72pt>
File: 30.JPG Graphic file (type jpg)
<use 30.JPG>
Package pdftex.def Info: 30.JPG  used on input line 239.
(pdftex.def)             Requested size: 432.93846pt x 173.44638pt.

Overfull \hbox (42.93846pt too wide) in paragraph at lines 239--240
 [][] 
 []

<31.JPG, id=64, 483.30562pt x 64.74188pt>
File: 31.JPG Graphic file (type jpg)
<use 31.JPG>
Package pdftex.def Info: 31.JPG  used on input line 245.
(pdftex.def)             Requested size: 434.97104pt x 58.26714pt.

Overfull \hbox (44.97104pt too wide) in paragraph at lines 245--246
 [][] 
 []

[13 <./30.JPG> <./31.JPG>]
<32.JPG, id=69, 482.55281pt x 86.57344pt>
File: 32.JPG Graphic file (type jpg)
<use 32.JPG>
Package pdftex.def Info: 32.JPG  used on input line 252.
(pdftex.def)             Requested size: 434.2935pt x 77.91536pt.

Overfull \hbox (44.2935pt too wide) in paragraph at lines 252--253
 [][] 
 []

<33.JPG, id=70, 481.8pt x 152.82094pt>
File: 33.JPG Graphic file (type jpg)
<use 33.JPG>
Package pdftex.def Info: 33.JPG  used on input line 258.
(pdftex.def)             Requested size: 433.61598pt x 137.53755pt.

Overfull \hbox (43.61598pt too wide) in paragraph at lines 258--259
 [][] 
 []

<34.JPG, id=71, 496.85625pt x 103.13531pt>
File: 34.JPG Graphic file (type jpg)
<use 34.JPG>
Package pdftex.def Info: 34.JPG  used on input line 264.
(pdftex.def)             Requested size: 447.16649pt x 92.82089pt.

Overfull \hbox (57.16649pt too wide) in paragraph at lines 264--265
 [][] 
 []

[14 <./32.JPG> <./33.JPG> <./34.JPG>]
<35.JPG, id=75, 612.78937pt x 390.70969pt>
File: 35.JPG Graphic file (type jpg)
<use 35.JPG>
Package pdftex.def Info: 35.JPG  used on input line 272.
(pdftex.def)             Requested size: 551.50534pt x 351.63547pt.

Overfull \hbox (161.50534pt too wide) in paragraph at lines 272--273
 [][] 
 []

[15 <./35.JPG>]
<no.png, id=79, 405.515pt x 35.13126pt>
File: no.png Graphic file (type png)
<use no.png>
Package pdftex.def Info: no.png  used on input line 291.
(pdftex.def)             Requested size: 202.75699pt x 17.56557pt.
<xx.png, id=80, 778.91pt x 75.28125pt>
File: xx.png Graphic file (type png)
<use xx.png>
Package pdftex.def Info: xx.png  used on input line 298.
(pdftex.def)             Requested size: 350.50627pt x 33.87624pt.
<t.png, id=81, 414.54875pt x 32.12pt>
File: t.png Graphic file (type png)
<use t.png>
Package pdftex.def Info: t.png  used on input line 307.
(pdftex.def)             Requested size: 186.54521pt x 14.45386pt.


LaTeX Warning: `h' float specifier changed to `ht'.

[16 <./no.png> <./xx.png>]
LaTeX Font Info:    Font shape `OMS/cmr/bx/n' in size <12> not available
(Font)              Font shape `OMS/cmsy/b/n' tried instead on input line 316.

Overfull \hbox (0.35289pt too wide) in paragraph at lines 348--365
[]\OT1/cmr/m/n/12 Agora, ap-re-sen-ta-mos os c^^Sodigos uti-liza-dos para gerar
 a Tabela 1 mostrada: 
 []


Underfull \hbox (badness 10000) in paragraph at lines 348--365

 []

[17 <./t.png>]
Underfull \hbox (badness 10000) in paragraph at lines 366--371

 []

<a.png, id=92, 218.8175pt x 83.31125pt>
File: a.png Graphic file (type png)
<use a.png>
Package pdftex.def Info: a.png  used on input line 397.
(pdftex.def)             Requested size: 153.17119pt x 58.31746pt.
[18]
<q.png, id=96, 200.75pt x 104.39pt>
File: q.png Graphic file (type png)
<use q.png>
Package pdftex.def Info: q.png  used on input line 402.
(pdftex.def)             Requested size: 140.52403pt x 73.07248pt.
<qq.png, id=97, 332.24126pt x 170.6375pt>
File: qq.png Graphic file (type png)
<use qq.png>
Package pdftex.def Info: qq.png  used on input line 405.
(pdftex.def)             Requested size: 232.56728pt x 119.44542pt.

Overfull \hbox (95.30789pt too wide) in paragraph at lines 409--410
\OT1/cmr/m/n/12 Para se gerar uma tabela au-to-mati-ca-mente, basta vis-i-tar o
 site \OT1/cmtt/m/n/12 http://tablesgenerator.com/\OT1/cmr/m/n/12 .
 []

<ca.png, id=98, 1927.2pt x 1014.79124pt>
File: ca.png Graphic file (type png)
<use ca.png>
Package pdftex.def Info: ca.png  used on input line 413.
(pdftex.def)             Requested size: 192.7313pt x 101.48506pt.

LaTeX Warning: `h' float specifier changed to `ht'.

[19 <./a.png> <./q.png> <./qq.png>]
<pa.png, id=106, 297.11pt x 34.1275pt>
File: pa.png Graphic file (type png)
<use pa.png>
Package pdftex.def Info: pa.png  used on input line 424.
(pdftex.def)             Requested size: 178.26736pt x 20.47664pt.

Overfull \hbox (26.98906pt too wide) in paragraph at lines 433--434
\OT1/cmtt/m/n/12 https://journals.aas.org/aastex-package-for-manuscript-prepara
tion/\OT1/cmr/m/n/12 . 
 []

[20 <./ca.png> <./pa.png>]
<tabelaAASTEX.png, id=112, 433.62pt x 326.21875pt>
File: tabelaAASTEX.png Graphic file (type png)
<use tabelaAASTEX.png>
Package pdftex.def Info: tabelaAASTEX.png  used on input line 441.
(pdftex.def)             Requested size: 260.17401pt x 195.73274pt.
<rtabelaAASTEX.png, id=113, 576.1525pt x 182.6825pt>
File: rtabelaAASTEX.png Graphic file (type png)
<use rtabelaAASTEX.png>
Package pdftex.def Info: rtabelaAASTEX.png  used on input line 449.
(pdftex.def)             Requested size: 230.45691pt x 73.07169pt.


LaTeX Warning: `h' float specifier changed to `ht'.

[21 <./tabelaAASTEX.png>]
Overfull \hbox (0.1516pt too wide) in paragraph at lines 456--459
\OT1/cmr/m/n/12 O pa-cote am-sart ^^Se am-pla-mente uti-lizado para pub-lica^^X
c~oes da Amer-i-can Math-
 []


Overfull \hbox (45.34035pt too wide) in paragraph at lines 456--459
\OT1/cmr/m/n/12 Contudo, o pa-cote pode ser baix-ado por meio do link \OT1/cmtt
/m/n/12 https://ctan.org/pkg/amsart\OT1/cmr/m/n/12 ,
 []


Overfull \hbox (13.08005pt too wide) in paragraph at lines 463--464
[]\OT1/cmr/m/n/12 Para uti-lizar esse pa-cote, o usu^^Sario deve in-serir a lin
ha $\OMS/cmtt/m/n/12 n$\OT1/cmtt/m/n/12 usepackage$\OMS/cmtt/m/n/12 f\OML/cmm/m
/it/12 amscd\OMS/cmtt/m/n/12 g$
 []

<amscd.png, id=118, 954.56625pt x 336.25626pt>
File: amscd.png Graphic file (type png)
<use amscd.png>
Package pdftex.def Info: amscd.png  used on input line 467.
(pdftex.def)             Requested size: 381.81973pt x 134.5001pt.

LaTeX Warning: `h' float specifier changed to `ht'.

[22 <./rtabelaAASTEX.png>]
Overfull \hbox (2.38065pt too wide) in paragraph at lines 474--475
\OT1/cmr/m/n/12 di-ver-sas varia^^Xc~oes de fontes j^^Sa ex-is-tentes (le-tras 
gre-gas e s^^S^^Pmbolos matem^^Saticos
 []


Overfull \hbox (108.67177pt too wide) in paragraph at lines 476--477
\OT1/cmr/m/n/12 pode ser baix-ado, junto com um man-ual de uso, atrav^^Ses do l
ink \OT1/cmtt/m/n/12 https://ctan.org/pkg/amsfonts\OT1/cmr/m/n/12 . 
 []

[23 <./amscd.png>]
Overfull \hbox (60.52092pt too wide) in paragraph at lines 499--500
\OT1/cmr/m/n/12 tribui^^Xc~ao orig-i-nal do L[]T[]Xe pode ser in-serido por mei
o da linha $\OMS/cmtt/m/n/12 n$\OT1/cmtt/m/n/12 usepackage$\OMS/cmtt/m/n/12 f\O
ML/cmm/m/it/12 amssymb\OMS/cmtt/m/n/12 g$\OT1/cmr/m/n/12 . 
 []


Overfull \hbox (88.73909pt too wide) in paragraph at lines 501--502
\OT1/cmtt/m/n/12 http://milde.users.sourceforge.net/LUCR/Math/mathpackages/amss
ymb-symbols.pdf\OT1/cmr/m/n/12 . 
 []


Overfull \hbox (13.86812pt too wide) in paragraph at lines 508--509
[]\OT1/cmr/m/n/12 O am-sthm tamb^^Sem ofer-ece ao usu^^Sario a pos-si-bil-i-dad
e de destacar proposi^^Xc~oes
 []

\c@lem=\count105
<1i.png, id=128, 352.31625pt x 125.46875pt>
File: 1i.png Graphic file (type png)
<use 1i.png>
Package pdftex.def Info: 1i.png  used on input line 539.
(pdftex.def)             Requested size: 281.85338pt x 100.37512pt.
[24] [25 <./1i.png>]
<2i.png, id=137, 423.5825pt x 241.90375pt>
File: 2i.png Graphic file (type png)
<use 2i.png>
Package pdftex.def Info: 2i.png  used on input line 581.
(pdftex.def)             Requested size: 211.79073pt x 120.95157pt.
 [26 <./2i.png>]
<3i.png, id=142, 216.81pt x 39.14626pt>
File: 3i.png Graphic file (type png)
<use 3i.png>
Package pdftex.def Info: 3i.png  used on input line 587.
(pdftex.def)             Requested size: 173.44823pt x 31.31703pt.

Overfull \hbox (10.9059pt too wide) in paragraph at lines 584--589
[]\OT1/cmr/m/n/12 Para usar a Bib-TeX dig-ite no fi-nal do doc-u-mento, antes d
e $\OMS/cmtt/m/n/12 n$\OT1/cmr/m/n/12 end\OMS/cmtt/m/n/12 f\OT1/cmr/m/n/12 docu
ment\OMS/cmtt/m/n/12 g\OT1/cmr/m/n/12 .
 []

<6i.png, id=143, 292.09125pt x 172.645pt>
File: 6i.png Graphic file (type png)
<use 6i.png>
Package pdftex.def Info: 6i.png  used on input line 595.
(pdftex.def)             Requested size: 175.25609pt x 103.58778pt.
<5i.png, id=144, 671.50874pt x 425.59pt>
File: 5i.png Graphic file (type png)
<use 5i.png>
Package pdftex.def Info: 5i.png  used on input line 603.
(pdftex.def)             Requested size: 402.90836pt x 255.35596pt.

Overfull \hbox (12.90836pt too wide) in paragraph at lines 603--604
 [][] 
 []


LaTeX Warning: `h' float specifier changed to `ht'.

[27 <./3i.png> <./6i.png>]
<4i.png, id=150, 777.90625pt x 410.53375pt>
File: 4i.png Graphic file (type png)
<use 4i.png>
Package pdftex.def Info: 4i.png  used on input line 611.
(pdftex.def)             Requested size: 388.95216pt x 205.26637pt.


LaTeX Warning: `h' float specifier changed to `ht'.

[28 <./5i.png>]
<dcolumn1.JPG, id=155, 203.25937pt x 33.87656pt>
File: dcolumn1.JPG Graphic file (type jpg)
<use dcolumn1.JPG>
Package pdftex.def Info: dcolumn1.JPG  used on input line 621.
(pdftex.def)             Requested size: 203.25887pt x 33.87646pt.
<2.JPG, id=156, 149.05687pt x 22.58438pt>
File: 2.JPG Graphic file (type jpg)
<use 2.JPG>
Package pdftex.def Info: 2.JPG  used on input line 633.
(pdftex.def)             Requested size: 149.0565pt x 22.5843pt.
<3.JPG, id=157, 211.54031pt x 16.56187pt>
File: 3.JPG Graphic file (type jpg)
<use 3.JPG>
Package pdftex.def Info: 3.JPG  used on input line 640.
(pdftex.def)             Requested size: 211.53978pt x 16.56183pt.
 [29 <./4i.png> <./dcolumn1.JPG>]
<4.JPG, id=162, 255.20343pt x 21.07875pt>
File: 4.JPG Graphic file (type jpg)
<use 4.JPG>
Package pdftex.def Info: 4.JPG  used on input line 647.
(pdftex.def)             Requested size: 255.2028pt x 21.07867pt.
<5.JPG, id=163, 75.28125pt x 21.83156pt>
File: 5.JPG Graphic file (type jpg)
<use 5.JPG>
Package pdftex.def Info: 5.JPG  used on input line 659.
(pdftex.def)             Requested size: 75.28105pt x 21.8315pt.
<6.JPG, id=164, 131.74219pt x 15.80907pt>
File: 6.JPG Graphic file (type jpg)
<use 6.JPG>
Package pdftex.def Info: 6.JPG  used on input line 666.
(pdftex.def)             Requested size: 131.74185pt x 15.809pt.
<7.JPG, id=165, 188.20313pt x 19.57312pt>
File: 7.JPG Graphic file (type jpg)
<use 7.JPG>
Package pdftex.def Info: 7.JPG  used on input line 673.
(pdftex.def)             Requested size: 188.20265pt x 19.57306pt.
<8.JPG, id=166, 238.64156pt x 42.91031pt>
File: 8.JPG Graphic file (type jpg)
<use 8.JPG>
Package pdftex.def Info: 8.JPG  used on input line 680.
(pdftex.def)             Requested size: 238.64096pt x 42.91019pt.
 [30 <./2.JPG> <./3.JPG> <./4.JPG> <./5.JPG> <./6.JPG> <./7.JPG> <./8.JPG>]
<9.JPG, id=170, 182.18062pt x 30.86531pt>
File: 9.JPG Graphic file (type jpg)
<use 9.JPG>
Package pdftex.def Info: 9.JPG  used on input line 693.
(pdftex.def)             Requested size: 200.39928pt x 33.95192pt.
<10.JPG, id=171, 188.20313pt x 76.03406pt>
File: 10.JPG Graphic file (type jpg)
<use 10.JPG>
Package pdftex.def Info: 10.JPG  used on input line 699.
(pdftex.def)             Requested size: 207.02406pt x 83.6377pt.
<11.JPG, id=172, 254.45062pt x 28.60687pt>
File: 11.JPG Graphic file (type jpg)
<use 11.JPG>
Package pdftex.def Info: 11.JPG  used on input line 705.
(pdftex.def)             Requested size: 279.89655pt x 31.46764pt.
<12.JPG, id=173, 173.89969pt x 30.86531pt>
File: 12.JPG Graphic file (type jpg)
<use 12.JPG>
Package pdftex.def Info: 12.JPG  used on input line 712.
(pdftex.def)             Requested size: 191.29022pt x 33.95192pt.
<13.JPG, id=174, 195.73125pt x 74.52844pt>
File: 13.JPG Graphic file (type jpg)
<use 13.JPG>
Package pdftex.def Info: 13.JPG  used on input line 718.
(pdftex.def)             Requested size: 215.30502pt x 81.98152pt.
<14.JPG, id=175, 362.10281pt x 23.33719pt>
File: 14.JPG Graphic file (type jpg)
<use 14.JPG>
Package pdftex.def Info: 14.JPG  used on input line 724.
(pdftex.def)             Requested size: 398.3143pt x 25.67096pt.

Overfull \hbox (8.3143pt too wide) in paragraph at lines 724--725
 [][] 
 []

[31 <./9.JPG> <./10.JPG> <./11.JPG> <./12.JPG>]
<15.JPG, id=180, 120.45pt x 96.36pt>
File: 15.JPG Graphic file (type jpg)
<use 15.JPG>
Package pdftex.def Info: 15.JPG  used on input line 737.
(pdftex.def)             Requested size: 132.49539pt x 105.99629pt.

Overfull \hbox (5.057pt too wide) in paragraph at lines 741--743
\OT1/cmr/m/n/12 im-ple-men-tando mecan-is-mos de au-to-cen-tral-iza^^Xc~ao e ba
l-ancea-mento au-tom^^Satico
 []

[32 <./13.JPG> <./14.JPG> <./15.JPG>]
<17.JPG, id=184, 204.01219pt x 14.30344pt>
File: 17.JPG Graphic file (type jpg)
<use 17.JPG>
Package pdftex.def Info: 17.JPG  used on input line 750.
(pdftex.def)             Requested size: 224.4141pt x 15.73381pt.
<16.JPG, id=185, 372.64218pt x 91.84312pt>
File: 16.JPG Graphic file (type jpg)
<use 16.JPG>
Package pdftex.def Info: 16.JPG  used on input line 759.
(pdftex.def)             Requested size: 409.90765pt x 101.02773pt.

Overfull \hbox (19.90765pt too wide) in paragraph at lines 759--760
 [][] 
 []

[33 <./17.JPG> <./16.JPG>]
<18.JPG, id=189, 268.75406pt x 17.31468pt>
File: 18.JPG Graphic file (type jpg)
<use 18.JPG>
Package pdftex.def Info: 18.JPG  used on input line 773.
(pdftex.def)             Requested size: 295.63037pt x 19.04619pt.
 [34 <./18.JPG>]
<19.JPG, id=193, 128.73094pt x 22.58438pt>
File: 19.JPG Graphic file (type jpg)
<use 19.JPG>
Package pdftex.def Info: 19.JPG  used on input line 789.
(pdftex.def)             Requested size: 141.60445pt x 24.84286pt.
<20.JPG, id=194, 330.48468pt x 17.31468pt>
File: 20.JPG Graphic file (type jpg)
<use 20.JPG>
Package pdftex.def Info: 20.JPG  used on input line 797.
(pdftex.def)             Requested size: 363.53427pt x 19.04619pt.
<caa.png, id=195, 235.88126pt x 37.13875pt>
File: caa.png Graphic file (type png)
<use caa.png>
Package pdftex.def Info: caa.png  used on input line 806.
(pdftex.def)             Requested size: 141.52983pt x 22.28342pt.
 [35 <./19.JPG> <./20.JPG> <./caa.png>]
<ref.png, id=200, 893.3375pt x 86.3225pt>
File: ref.png Graphic file (type png)
<use ref.png>
Package pdftex.def Info: ref.png  used on input line 815.
(pdftex.def)             Requested size: 446.66765pt x 43.16113pt.

Overfull \hbox (56.66765pt too wide) in paragraph at lines 815--816
 [][] 
 []

<si.png, id=201, 496.85625pt x 52.195pt>
File: si.png Graphic file (type png)
<use si.png>
Package pdftex.def Info: si.png  used on input line 821.
(pdftex.def)             Requested size: 298.11604pt x 31.31723pt.
<f.png, id=202, 378.41376pt x 41.15375pt>
File: f.png Graphic file (type png)
<use f.png>
Package pdftex.def Info: f.png  used on input line 827.
(pdftex.def)             Requested size: 227.05pt x 24.69243pt.

Underfull \hbox (badness 10000) in paragraph at lines 836--837

 []

[36 <./ref.png> <./si.png> <./f.png>]
<dd.png, id=209, 403.5075pt x 61.22874pt>
File: dd.png Graphic file (type png)
<use dd.png>
Package pdftex.def Info: dd.png  used on input line 844.
(pdftex.def)             Requested size: 242.10637pt x 36.73752pt.
<py.png, id=210, 792.9625pt x 40.15pt>
File: py.png Graphic file (type png)
<use py.png>
Package pdftex.def Info: py.png  used on input line 849.
(pdftex.def)             Requested size: 475.78116pt x 24.09016pt.

Overfull \hbox (85.78116pt too wide) in paragraph at lines 849--850
 [][] 
 []

<do.png, id=211, 1156.32pt x 287.0725pt>
File: do.png Graphic file (type png)
<use do.png>
Package pdftex.def Info: do.png  used on input line 854.
(pdftex.def)             Requested size: 462.5198pt x 114.82695pt.

Overfull \hbox (72.5198pt too wide) in paragraph at lines 854--855
 [][] 
 []


Underfull \hbox (badness 10000) in paragraph at lines 858--859

 []


Underfull \hbox (badness 10000) in paragraph at lines 862--863

 []

[37 <./dd.png> <./py.png> <./do.png>]
Underfull \hbox (badness 10000) in paragraph at lines 866--867

 []


Underfull \hbox (badness 10000) in paragraph at lines 872--874

 []

<co.png, id=219, 411.5375pt x 64.24pt>
File: co.png Graphic file (type png)
<use co.png>
Package pdftex.def Info: co.png  used on input line 881.
(pdftex.def)             Requested size: 329.23045pt x 51.39206pt.
<exp.png, id=220, 663.47874pt x 87.32625pt>
File: exp.png Graphic file (type png)
<use exp.png>
Package pdftex.def Info: exp.png  used on input line 888.
(pdftex.def)             Requested size: 464.43195pt x 61.12794pt.

Overfull \hbox (74.43195pt too wide) in paragraph at lines 888--889
 [][] 
 []


Underfull \hbox (badness 10000) in paragraph at lines 893--897

 []

[38 <./co.png> <./exp.png>]
Overfull \hbox (20.36241pt too wide) in paragraph at lines 899--900
[]\OT1/cmr/m/n/12 Baixe revtex4-1.zip do seguinte en-dere^^Xco: https://authors
.aps.org/revtex4/ 
 []


Overfull \hbox (48.49136pt too wide) in paragraph at lines 902--903
[]\OT1/cmr/m/n/12 Para in-cluir o pa-cote revtex4-1 em seu doc-u-mento la-tex a
di-cione: $\OMS/cmtt/m/n/12 n$\OT1/cmr/m/n/12 documentclass
 []

<re.png, id=226, 462.72874pt x 69.25874pt>
File: re.png Graphic file (type png)
<use re.png>
Package pdftex.def Info: re.png  used on input line 909.
(pdftex.def)             Requested size: 277.63939pt x 41.55556pt.

Overfull \hbox (4.85022pt too wide) in paragraph at lines 914--916
\OT1/cmr/m/n/12 do times, use a com-bina^^Xc~ao de math-ptmx, hel-vet, e courie
r ($\OMS/cmtt/m/n/12 n$\OT1/cmr/m/n/12 usepackage\OMS/cmtt/m/n/12 f\OT1/cmr/m/n
/12 math 
 []


Underfull \hbox (badness 10000) in paragraph at lines 914--916

 []

[39 <./re.png>] (./Trabalho.aux)

LaTeX Font Warning: Some font shapes were not available, defaults substituted.

 ) 
Here is how much of TeX's memory you used:
 3129 strings out of 494923
 38681 string characters out of 6180741
 92343 words of memory out of 5000000
 6327 multiletter control sequences out of 15000+600000
 13819 words of font info for 54 fonts, out of 8000000 for 9000
 14 hyphenation exceptions out of 8191
 41i,12n,26p,904b,274s stack positions out of 5000i,500n,10000p,200000b,80000s
</usr/share/texlive/texmf-dist/fonts/type1/public/amsfonts/cm/cmbsy10.pfb></u
sr/share/texlive/texmf-dist/fonts/type1/public/amsfonts/cm/cmbx12.pfb></usr/sha
re/texlive/texmf-dist/fonts/type1/public/amsfonts/cm/cmex10.pfb></usr/share/tex
live/texmf-dist/fonts/type1/public/amsfonts/cm/cmmi12.pfb></usr/share/texlive/t
exmf-dist/fonts/type1/public/amsfonts/cm/cmmi8.pfb></usr/share/texlive/texmf-di
st/fonts/type1/public/amsfonts/cm/cmr12.pfb></usr/share/texlive/texmf-dist/font
s/type1/public/amsfonts/cm/cmr17.pfb></usr/share/texlive/texmf-dist/fonts/type1
/public/amsfonts/cm/cmr6.pfb></usr/share/texlive/texmf-dist/fonts/type1/public/
amsfonts/cm/cmr8.pfb></usr/share/texlive/texmf-dist/fonts/type1/public/amsfonts
/cm/cmsy10.pfb></usr/share/texlive/texmf-dist/fonts/type1/public/amsfonts/cm/cm
ti12.pfb></usr/share/texlive/texmf-dist/fonts/type1/public/amsfonts/cm/cmtt12.p
fb></usr/share/texlive/texmf-dist/fonts/type1/public/amsfonts/symbols/msam10.pf
b>
Output written on Trabalho.pdf (39 pages, 1263302 bytes).
PDF statistics:
 276 PDF objects out of 1000 (max. 8388607)
 129 compressed objects within 2 object streams
 0 named destinations out of 1000 (max. 500000)
 316 words of extra memory for PDF output out of 10000 (max. 10000000)

